Using pre-set license
Built from '2020.3/staging' branch; Version is '2020.3.0f1 (c7b5465681fb) revision 13088070'; Using compiler version '192528614'; Build Type 'Release'
OS: 'Windows 10 Pro; OS build 19042.928; Version 2009; 64bit' Language: 'en' Physical Memory: 16336 MB
BatchMode: 1, IsHumanControllingUs: 0, StartBugReporterOnCrash: 0, Is64bit: 1, IsPro: 0

 COMMAND LINE ARGUMENTS:
D:\Program Files\2020.3.0f1\Editor\Unity.exe
-adb2
-batchMode
-noUpm
-name
AssetImportWorker0
-projectPath
D:/Unity Projects/Squashanoid/Squashanoid
-logFile
Logs/AssetImportWorker0.log
-srvPort
62551
Successfully changed project path to: D:/Unity Projects/Squashanoid/Squashanoid
D:/Unity Projects/Squashanoid/Squashanoid
Using Asset Import Pipeline V2.
Refreshing native plugins compatible for Editor in 55.65 ms, found 1 plugins.
Preloading 0 native plugins for Editor in 0.00 ms.
Initialize engine version: 2020.3.0f1 (c7b5465681fb)
[Subsystems] Discovering subsystems at path D:/Program Files/2020.3.0f1/Editor/Data/Resources/UnitySubsystems
[Subsystems] Discovering subsystems at path D:/Unity Projects/Squashanoid/Squashanoid/Assets
GfxDevice: creating device client; threaded=0
Direct3D:
    Version:  Direct3D 11.0 [level 11.1]
    Renderer: NVIDIA GeForce GTX 1060 6GB (ID=0x1c03)
    Vendor:   
    VRAM:     6052 MB
    Driver:   27.21.14.5671
Initialize mono
Mono path[0] = 'D:/Program Files/2020.3.0f1/Editor/Data/Managed'
Mono path[1] = 'D:/Program Files/2020.3.0f1/Editor/Data/MonoBleedingEdge/lib/mono/unityjit'
Mono config path = 'D:/Program Files/2020.3.0f1/Editor/Data/MonoBleedingEdge/etc'
Using monoOptions --debugger-agent=transport=dt_socket,embedding=1,server=y,suspend=n,address=127.0.0.1:56952
Begin MonoManager ReloadAssembly
Registering precompiled unity dll's ...
Register platform support module: D:/Program Files/2020.3.0f1/Editor/Data/PlaybackEngines/WindowsStandaloneSupport/UnityEditor.WindowsStandalone.Extensions.dll
Registered in 0.048691 seconds.
Native extension for WindowsStandalone target not found
Refreshing native plugins compatible for Editor in 48.67 ms, found 1 plugins.
Preloading 0 native plugins for Editor in 0.00 ms.
Invoked RoslynAnalysisRunner static constructor.
RoslynAnalysisRunner will not be running.
RoslynAnalysisRunner has terminated.
Mono: successfully reloaded assembly
- Completed reload, in  6.278 seconds
Platform modules already initialized, skipping
Registering precompiled user dll's ...
Registered in 0.054977 seconds.
Begin MonoManager ReloadAssembly
Native extension for WindowsStandalone target not found
Refreshing native plugins compatible for Editor in 51.28 ms, found 1 plugins.
Preloading 0 native plugins for Editor in 0.00 ms.
Invoked RoslynAnalysisRunner static constructor.
RoslynAnalysisRunner will not be running.
RoslynAnalysisRunner has terminated.
Mono: successfully reloaded assembly
- Completed reload, in  2.761 seconds
Platform modules already initialized, skipping
========================================================================
Worker process is ready to serve import requests
Launched and connected shader compiler UnityShaderCompiler.exe after 0.31 seconds
Refreshing native plugins compatible for Editor in 0.44 ms, found 1 plugins.
Preloading 0 native plugins for Editor in 0.00 ms.
Unloading 1839 Unused Serialized files (Serialized files now loaded: 0)
System memory in use before: 87.4 MB.
System memory in use after: 87.4 MB.

Unloading 24 unused Assets to reduce memory usage. Loaded Objects now: 2288.
Total: 3.537500 ms (FindLiveObjects: 0.342300 ms CreateObjectMapping: 0.231100 ms MarkObjects: 2.718000 ms  DeleteObjects: 0.243800 ms)

========================================================================
Received Import Request.
  path: Assets/Project
  artifactKey: Guid(3fdb4f18b30ee5443b020d13bce5aaff) Importer(815301076,1909f56bfc062723c751e8b465ee728b)
Start importing Assets/Project using Guid(3fdb4f18b30ee5443b020d13bce5aaff) Importer(815301076,1909f56bfc062723c751e8b465ee728b)  -> (artifact id: 'e1cf54c937e1a6590c607dfa6002a20e') in 0.013837 seconds
  Import took 0.040610 seconds .

========================================================================
Received Prepare
Registering precompiled user dll's ...
Registered in 0.001763 seconds.
Begin MonoManager ReloadAssembly
Native extension for WindowsStandalone target not found
Refreshing native plugins compatible for Editor in 0.42 ms, found 1 plugins.
Preloading 0 native plugins for Editor in 0.00 ms.
Invoked RoslynAnalysisRunner static constructor.
RoslynAnalysisRunner will not be running.
RoslynAnalysisRunner has terminated.
Mono: successfully reloaded assembly
- Completed reload, in  1.172 seconds
Platform modules already initialized, skipping
Refreshing native plugins compatible for Editor in 0.71 ms, found 1 plugins.
Preloading 0 native plugins for Editor in 0.00 ms.
Unloading 1818 Unused Serialized files (Serialized files now loaded: 0)
System memory in use before: 86.1 MB.
System memory in use after: 86.1 MB.

Unloading 12 unused Assets to reduce memory usage. Loaded Objects now: 2292.
Total: 3.195200 ms (FindLiveObjects: 0.246700 ms CreateObjectMapping: 0.106400 ms MarkObjects: 2.640300 ms  DeleteObjects: 0.200000 ms)

========================================================================
Received Import Request.
  Time since last request: 424.152019 seconds.
  path: Assets/Project/Scenes/Level1.unity
  artifactKey: Guid(2cda990e2423bbf4892e6590ba056729) Importer(815301076,1909f56bfc062723c751e8b465ee728b)
Start importing Assets/Project/Scenes/Level1.unity using Guid(2cda990e2423bbf4892e6590ba056729) Importer(815301076,1909f56bfc062723c751e8b465ee728b)  -> (artifact id: 'c5951d66da235f56f48e856a101bc5a0') in 0.027871 seconds
  Import took 0.048956 seconds .

========================================================================
Received Import Request.
  Time since last request: 278.832891 seconds.
  path: Assets/Project/Audio/Bounce1.wav
  artifactKey: Guid(32d4b1811dda14a6cb9e059ee8ad17d2) Importer(815301076,1909f56bfc062723c751e8b465ee728b)
Start importing Assets/Project/Audio/Bounce1.wav using Guid(32d4b1811dda14a6cb9e059ee8ad17d2) Importer(815301076,1909f56bfc062723c751e8b465ee728b)  -> (artifact id: 'a01de8d0cef3441532d3dfd4cf4f1bd3') in 0.311174 seconds
  Import took 0.324741 seconds .

========================================================================
Received Import Request.
  Time since last request: 4.559067 seconds.
  path: Assets/Project/Audio/Bounce2.wav
  artifactKey: Guid(19f89c6e740e7447f9e12a8310d3e973) Importer(815301076,1909f56bfc062723c751e8b465ee728b)
Start importing Assets/Project/Audio/Bounce2.wav using Guid(19f89c6e740e7447f9e12a8310d3e973) Importer(815301076,1909f56bfc062723c751e8b465ee728b)  -> (artifact id: '3a19df4db41ee63cece92bf9566e2faf') in 0.024953 seconds
  Import took 0.031271 seconds .

========================================================================
Received Import Request.
  Time since last request: 160.751665 seconds.
  path: Assets/Project/Audio/Destroy.wav
  artifactKey: Guid(b99da9a57308d4ba1bee1cf1d9038376) Importer(815301076,1909f56bfc062723c751e8b465ee728b)
Start importing Assets/Project/Audio/Destroy.wav using Guid(b99da9a57308d4ba1bee1cf1d9038376) Importer(815301076,1909f56bfc062723c751e8b465ee728b)  -> (artifact id: 'a313363c8d49728b5666f2edd1fac82d') in 0.023953 seconds
  Import took 0.049463 seconds .

========================================================================
Received Import Request.
  Time since last request: 0.006007 seconds.
  path: Assets/Project/Audio/Destroy.wav
  artifactKey: Guid(b99da9a57308d4ba1bee1cf1d9038376) Importer(815301076,1909f56bfc062723c751e8b465ee728b)
Start importing Assets/Project/Audio/Destroy.wav using Guid(b99da9a57308d4ba1bee1cf1d9038376) Importer(815301076,1909f56bfc062723c751e8b465ee728b)  -> (artifact id: 'a313363c8d49728b5666f2edd1fac82d') in 0.024897 seconds
  Import took 0.029187 seconds .

========================================================================
Received Prepare
Registering precompiled user dll's ...
Registered in 0.001257 seconds.
Begin MonoManager ReloadAssembly
Native extension for WindowsStandalone target not found
Refreshing native plugins compatible for Editor in 0.93 ms, found 1 plugins.
Preloading 0 native plugins for Editor in 0.00 ms.
Invoked RoslynAnalysisRunner static constructor.
RoslynAnalysisRunner will not be running.
RoslynAnalysisRunner has terminated.
Mono: successfully reloaded assembly
- Completed reload, in  3.304 seconds
Platform modules already initialized, skipping
Refreshing native plugins compatible for Editor in 0.41 ms, found 1 plugins.
Preloading 0 native plugins for Editor in 0.00 ms.
Unloading 1806 Unused Serialized files (Serialized files now loaded: 0)
System memory in use before: 89.0 MB.
System memory in use after: 89.1 MB.

Unloading 21 unused Assets to reduce memory usage. Loaded Objects now: 2295.
Total: 3.452900 ms (FindLiveObjects: 0.297800 ms CreateObjectMapping: 0.130100 ms MarkObjects: 2.891800 ms  DeleteObjects: 0.131500 ms)

========================================================================
Received Prepare
Registering precompiled user dll's ...
Registered in 0.001116 seconds.
Begin MonoManager ReloadAssembly
Native extension for WindowsStandalone target not found
Refreshing native plugins compatible for Editor in 0.82 ms, found 1 plugins.
Preloading 0 native plugins for Editor in 0.00 ms.
Invoked RoslynAnalysisRunner static constructor.
RoslynAnalysisRunner will not be running.
RoslynAnalysisRunner has terminated.
Mono: successfully reloaded assembly
- Completed reload, in  1.741 seconds
Platform modules already initialized, skipping
Refreshing native plugins compatible for Editor in 0.44 ms, found 1 plugins.
Preloading 0 native plugins for Editor in 0.00 ms.
Unloading 1806 Unused Serialized files (Serialized files now loaded: 0)
System memory in use before: 89.0 MB.
System memory in use after: 89.1 MB.

Unloading 11 unused Assets to reduce memory usage. Loaded Objects now: 2299.
Total: 4.503200 ms (FindLiveObjects: 0.337000 ms CreateObjectMapping: 0.135400 ms MarkObjects: 3.883500 ms  DeleteObjects: 0.145700 ms)

========================================================================
Received Import Request.
  Time since last request: 147.161088 seconds.
  path: Assets/Project/VFX/CFX_Firework_Trails_Gravity.prefab
  artifactKey: Guid(4adffb0018aeda44e9263f901167af1f) Importer(815301076,1909f56bfc062723c751e8b465ee728b)
Start importing Assets/Project/VFX/CFX_Firework_Trails_Gravity.prefab using Guid(4adffb0018aeda44e9263f901167af1f) Importer(815301076,1909f56bfc062723c751e8b465ee728b)  -> (artifact id: '60f2b6ff5b8ba34f9e46184b96fe27a2') in 0.062785 seconds
  Import took 0.074327 seconds .

========================================================================
Received Import Request.
  Time since last request: 20.554863 seconds.
  path: Assets/Project/VFX/DestroyVFX.prefab
  artifactKey: Guid(4adffb0018aeda44e9263f901167af1f) Importer(815301076,1909f56bfc062723c751e8b465ee728b)
Start importing Assets/Project/VFX/DestroyVFX.prefab using Guid(4adffb0018aeda44e9263f901167af1f) Importer(815301076,1909f56bfc062723c751e8b465ee728b)  -> (artifact id: 'bef719b526b71476651c83c79387b627') in 0.024308 seconds
  Import took 0.113911 seconds .

========================================================================
Received Import Request.
  Time since last request: 21.117780 seconds.
  path: Assets/Project/Scripts/GameOverWindow.cs
  artifactKey: Guid(8e74ba140f55fb940878d5eae19f4b9b) Importer(815301076,1909f56bfc062723c751e8b465ee728b)
Start importing Assets/Project/Scripts/GameOverWindow.cs using Guid(8e74ba140f55fb940878d5eae19f4b9b) Importer(815301076,1909f56bfc062723c751e8b465ee728b)  -> (artifact id: 'f761647e631273dc3e72b3b6d37dd36d') in 0.020049 seconds
  Import took 0.030037 seconds .

========================================================================
Received Import Request.
  Time since last request: 0.002310 seconds.
  path: Assets/Project/Scripts/GameOverWindow.cs
  artifactKey: Guid(8e74ba140f55fb940878d5eae19f4b9b) Importer(815301076,1909f56bfc062723c751e8b465ee728b)
Start importing Assets/Project/Scripts/GameOverWindow.cs using Guid(8e74ba140f55fb940878d5eae19f4b9b) Importer(815301076,1909f56bfc062723c751e8b465ee728b)  -> (artifact id: 'f761647e631273dc3e72b3b6d37dd36d') in 0.013815 seconds
  Import took 0.018166 seconds .

========================================================================
Received Import Request.
  Time since last request: 1.812998 seconds.
  path: Assets/Project/Scripts/LoseCollider.cs
  artifactKey: Guid(255a748e85f7ac140a64aa95c55ab939) Importer(815301076,1909f56bfc062723c751e8b465ee728b)
Start importing Assets/Project/Scripts/LoseCollider.cs using Guid(255a748e85f7ac140a64aa95c55ab939) Importer(815301076,1909f56bfc062723c751e8b465ee728b)  -> (artifact id: '8b8d57d8fbce9cee238b0099c45ddd36') in 0.015327 seconds
  Import took 0.034324 seconds .

========================================================================
Received Import Request.
  Time since last request: 0.630531 seconds.
  path: Assets/Project/Scripts/Racket.cs
  artifactKey: Guid(5ecadc81ef7232c4dbb39963e0e30a63) Importer(815301076,1909f56bfc062723c751e8b465ee728b)
Start importing Assets/Project/Scripts/Racket.cs using Guid(5ecadc81ef7232c4dbb39963e0e30a63) Importer(815301076,1909f56bfc062723c751e8b465ee728b)  -> (artifact id: 'cef539f2199fe4346c7158011c710eb3') in 0.015914 seconds
  Import took 0.033852 seconds .

========================================================================
Received Import Request.
  Time since last request: 16.759519 seconds.
  path: Assets/Project/Scripts/Ball.cs
  artifactKey: Guid(7aa09af0661079d4da8fab0c178ee071) Importer(815301076,1909f56bfc062723c751e8b465ee728b)
Start importing Assets/Project/Scripts/Ball.cs using Guid(7aa09af0661079d4da8fab0c178ee071) Importer(815301076,1909f56bfc062723c751e8b465ee728b)  -> (artifact id: '360bc986aa9744fd24a3349b578ec1d6') in 0.020666 seconds
  Import took 0.034743 seconds .

========================================================================
Received Prepare
Registering precompiled user dll's ...
Registered in 0.015115 seconds.
Begin MonoManager ReloadAssembly
Native extension for WindowsStandalone target not found
Refreshing native plugins compatible for Editor in 0.41 ms, found 1 plugins.
Preloading 0 native plugins for Editor in 0.00 ms.
Invoked RoslynAnalysisRunner static constructor.
RoslynAnalysisRunner will not be running.
RoslynAnalysisRunner has terminated.
Mono: successfully reloaded assembly
- Completed reload, in  1.603 seconds
Platform modules already initialized, skipping
Refreshing native plugins compatible for Editor in 0.41 ms, found 1 plugins.
Preloading 0 native plugins for Editor in 0.00 ms.
Unloading 1806 Unused Serialized files (Serialized files now loaded: 0)
System memory in use before: 89.1 MB.
System memory in use after: 89.1 MB.

Unloading 12 unused Assets to reduce memory usage. Loaded Objects now: 2303.
Total: 2.466900 ms (FindLiveObjects: 0.231400 ms CreateObjectMapping: 0.094000 ms MarkObjects: 1.964000 ms  DeleteObjects: 0.175500 ms)

========================================================================
Received Import Request.
  Time since last request: 93.508216 seconds.
  path: Assets/Project/Scripts/LevelManager.cs
  artifactKey: Guid(ed080605b92e9fe449cd33aaf068159c) Importer(815301076,1909f56bfc062723c751e8b465ee728b)
Start importing Assets/Project/Scripts/LevelManager.cs using Guid(ed080605b92e9fe449cd33aaf068159c) Importer(815301076,1909f56bfc062723c751e8b465ee728b)  -> (artifact id: 'df9d87410fee3b69ab514628a2cc4483') in 0.019872 seconds
  Import took 0.037474 seconds .

========================================================================
Received Import Request.
  Time since last request: 0.018944 seconds.
  path: Assets/Project/Scripts/LevelManager.cs
  artifactKey: Guid(ed080605b92e9fe449cd33aaf068159c) Importer(815301076,1909f56bfc062723c751e8b465ee728b)
Start importing Assets/Project/Scripts/LevelManager.cs using Guid(ed080605b92e9fe449cd33aaf068159c) Importer(815301076,1909f56bfc062723c751e8b465ee728b)  -> (artifact id: 'df9d87410fee3b69ab514628a2cc4483') in 0.011108 seconds
  Import took 0.014679 seconds .

========================================================================
Received Prepare
Registering precompiled user dll's ...
Registered in 0.001071 seconds.
Begin MonoManager ReloadAssembly
Native extension for WindowsStandalone target not found
Refreshing native plugins compatible for Editor in 1.14 ms, found 1 plugins.
Preloading 0 native plugins for Editor in 0.00 ms.
Invoked RoslynAnalysisRunner static constructor.
RoslynAnalysisRunner will not be running.
RoslynAnalysisRunner has terminated.
Mono: successfully reloaded assembly
- Completed reload, in  1.257 seconds
Platform modules already initialized, skipping
Refreshing native plugins compatible for Editor in 0.41 ms, found 1 plugins.
Preloading 0 native plugins for Editor in 0.00 ms.
Unloading 1806 Unused Serialized files (Serialized files now loaded: 0)
System memory in use before: 89.1 MB.
System memory in use after: 89.1 MB.

Unloading 11 unused Assets to reduce memory usage. Loaded Objects now: 2307.
Total: 2.286900 ms (FindLiveObjects: 0.207200 ms CreateObjectMapping: 0.085700 ms MarkObjects: 1.883400 ms  DeleteObjects: 0.109300 ms)

========================================================================
Received Prepare
Registering precompiled user dll's ...
Registered in 0.001055 seconds.
Begin MonoManager ReloadAssembly
Native extension for WindowsStandalone target not found
Refreshing native plugins compatible for Editor in 0.39 ms, found 1 plugins.
Preloading 0 native plugins for Editor in 0.00 ms.
Invoked RoslynAnalysisRunner static constructor.
RoslynAnalysisRunner will not be running.
RoslynAnalysisRunner has terminated.
Mono: successfully reloaded assembly
- Completed reload, in  1.106 seconds
Platform modules already initialized, skipping
Refreshing native plugins compatible for Editor in 0.50 ms, found 1 plugins.
Preloading 0 native plugins for Editor in 0.00 ms.
Unloading 1806 Unused Serialized files (Serialized files now loaded: 0)
System memory in use before: 89.1 MB.
System memory in use after: 89.1 MB.

Unloading 11 unused Assets to reduce memory usage. Loaded Objects now: 2311.
Total: 3.140000 ms (FindLiveObjects: 0.796800 ms CreateObjectMapping: 0.115400 ms MarkObjects: 2.045500 ms  DeleteObjects: 0.180600 ms)

========================================================================
Received Prepare
Registering precompiled user dll's ...
Registered in 0.001109 seconds.
Begin MonoManager ReloadAssembly
Native extension for WindowsStandalone target not found
Refreshing native plugins compatible for Editor in 0.41 ms, found 1 plugins.
Preloading 0 native plugins for Editor in 0.00 ms.
Invoked RoslynAnalysisRunner static constructor.
RoslynAnalysisRunner will not be running.
RoslynAnalysisRunner has terminated.
Mono: successfully reloaded assembly
- Completed reload, in  1.168 seconds
Platform modules already initialized, skipping
Refreshing native plugins compatible for Editor in 0.42 ms, found 1 plugins.
Preloading 0 native plugins for Editor in 0.00 ms.
Unloading 1806 Unused Serialized files (Serialized files now loaded: 0)
System memory in use before: 89.1 MB.
System memory in use after: 89.1 MB.

Unloading 11 unused Assets to reduce memory usage. Loaded Objects now: 2315.
Total: 2.344800 ms (FindLiveObjects: 0.223200 ms CreateObjectMapping: 0.091800 ms MarkObjects: 1.911700 ms  DeleteObjects: 0.116400 ms)

========================================================================
Received Prepare
Registering precompiled user dll's ...
Registered in 0.001365 seconds.
Begin MonoManager ReloadAssembly
Native extension for WindowsStandalone target not found
Refreshing native plugins compatible for Editor in 0.41 ms, found 1 plugins.
Preloading 0 native plugins for Editor in 0.00 ms.
Invoked RoslynAnalysisRunner static constructor.
RoslynAnalysisRunner will not be running.
RoslynAnalysisRunner has terminated.
Mono: successfully reloaded assembly
- Completed reload, in  1.150 seconds
Platform modules already initialized, skipping
Refreshing native plugins compatible for Editor in 0.42 ms, found 1 plugins.
Preloading 0 native plugins for Editor in 0.00 ms.
Unloading 1806 Unused Serialized files (Serialized files now loaded: 0)
System memory in use before: 89.1 MB.
System memory in use after: 89.1 MB.

Unloading 11 unused Assets to reduce memory usage. Loaded Objects now: 2319.
Total: 2.771700 ms (FindLiveObjects: 0.245600 ms CreateObjectMapping: 0.103200 ms MarkObjects: 2.306400 ms  DeleteObjects: 0.115200 ms)

========================================================================
Received Prepare
Registering precompiled user dll's ...
Registered in 0.001382 seconds.
Begin MonoManager ReloadAssembly
Native extension for WindowsStandalone target not found
Refreshing native plugins compatible for Editor in 0.39 ms, found 1 plugins.
Preloading 0 native plugins for Editor in 0.00 ms.
Invoked RoslynAnalysisRunner static constructor.
RoslynAnalysisRunner will not be running.
RoslynAnalysisRunner has terminated.
Mono: successfully reloaded assembly
- Completed reload, in  1.146 seconds
Platform modules already initialized, skipping
Refreshing native plugins compatible for Editor in 0.40 ms, found 1 plugins.
Preloading 0 native plugins for Editor in 0.00 ms.
Unloading 1806 Unused Serialized files (Serialized files now loaded: 0)
System memory in use before: 89.1 MB.
System memory in use after: 89.1 MB.

Unloading 11 unused Assets to reduce memory usage. Loaded Objects now: 2323.
Total: 2.948000 ms (FindLiveObjects: 0.308800 ms CreateObjectMapping: 0.098000 ms MarkObjects: 2.419200 ms  DeleteObjects: 0.120200 ms)

========================================================================
Received Prepare
Registering precompiled user dll's ...
Registered in 0.001130 seconds.
Begin MonoManager ReloadAssembly
Native extension for WindowsStandalone target not found
Refreshing native plugins compatible for Editor in 0.39 ms, found 1 plugins.
Preloading 0 native plugins for Editor in 0.00 ms.
Invoked RoslynAnalysisRunner static constructor.
RoslynAnalysisRunner will not be running.
RoslynAnalysisRunner has terminated.
Mono: successfully reloaded assembly
- Completed reload, in  1.191 seconds
Platform modules already initialized, skipping
Refreshing native plugins compatible for Editor in 0.45 ms, found 1 plugins.
Preloading 0 native plugins for Editor in 0.00 ms.
Unloading 1806 Unused Serialized files (Serialized files now loaded: 0)
System memory in use before: 89.1 MB.
System memory in use after: 89.1 MB.

Unloading 11 unused Assets to reduce memory usage. Loaded Objects now: 2327.
Total: 2.341700 ms (FindLiveObjects: 0.228000 ms CreateObjectMapping: 0.096600 ms MarkObjects: 1.907300 ms  DeleteObjects: 0.108300 ms)

========================================================================
Received Prepare
Registering precompiled user dll's ...
Registered in 0.003676 seconds.
Begin MonoManager ReloadAssembly
Native extension for WindowsStandalone target not found
Refreshing native plugins compatible for Editor in 0.41 ms, found 1 plugins.
Preloading 0 native plugins for Editor in 0.00 ms.
Invoked RoslynAnalysisRunner static constructor.
RoslynAnalysisRunner will not be running.
RoslynAnalysisRunner has terminated.
Mono: successfully reloaded assembly
- Completed reload, in  1.503 seconds
Platform modules already initialized, skipping
Refreshing native plugins compatible for Editor in 0.58 ms, found 1 plugins.
Preloading 0 native plugins for Editor in 0.00 ms.
Unloading 1806 Unused Serialized files (Serialized files now loaded: 0)
System memory in use before: 89.1 MB.
System memory in use after: 89.2 MB.

Unloading 11 unused Assets to reduce memory usage. Loaded Objects now: 2331.
Total: 2.556800 ms (FindLiveObjects: 0.221200 ms CreateObjectMapping: 0.085400 ms MarkObjects: 2.136100 ms  DeleteObjects: 0.112100 ms)

========================================================================
Received Import Request.
  Time since last request: 387.083949 seconds.
  path: Assets/Project/Prefabs/Level.prefab
  artifactKey: Guid(f0f90d2ad0d8ced468d0e161ef96537d) Importer(815301076,1909f56bfc062723c751e8b465ee728b)
Start importing Assets/Project/Prefabs/Level.prefab using Guid(f0f90d2ad0d8ced468d0e161ef96537d) Importer(815301076,1909f56bfc062723c751e8b465ee728b)  -> (artifact id: 'd5d4066a310148576ed6e69ea21cbdbb') in 0.176010 seconds
  Import took 0.190724 seconds .

========================================================================
Received Prepare
Registering precompiled user dll's ...
Registered in 0.001063 seconds.
Begin MonoManager ReloadAssembly
Native extension for WindowsStandalone target not found
Refreshing native plugins compatible for Editor in 0.39 ms, found 1 plugins.
Preloading 0 native plugins for Editor in 0.00 ms.
Invoked RoslynAnalysisRunner static constructor.
RoslynAnalysisRunner will not be running.
RoslynAnalysisRunner has terminated.
Mono: successfully reloaded assembly
- Completed reload, in  1.179 seconds
Platform modules already initialized, skipping
Refreshing native plugins compatible for Editor in 0.42 ms, found 1 plugins.
Preloading 0 native plugins for Editor in 0.00 ms.
Unloading 1806 Unused Serialized files (Serialized files now loaded: 0)
System memory in use before: 89.2 MB.
System memory in use after: 89.2 MB.

Unloading 11 unused Assets to reduce memory usage. Loaded Objects now: 2335.
Total: 2.353200 ms (FindLiveObjects: 0.260700 ms CreateObjectMapping: 0.112100 ms MarkObjects: 1.846800 ms  DeleteObjects: 0.132400 ms)

========================================================================
Received Import Request.
  Time since last request: 55.600292 seconds.
  path: Assets/Project/Scenes/Level1.unity
  artifactKey: Guid(2cda990e2423bbf4892e6590ba056729) Importer(815301076,1909f56bfc062723c751e8b465ee728b)
Start importing Assets/Project/Scenes/Level1.unity using Guid(2cda990e2423bbf4892e6590ba056729) Importer(815301076,1909f56bfc062723c751e8b465ee728b)  -> (artifact id: 'd112aaaea4bf39acf6828e590fe77f16') in 0.044356 seconds
  Import took 0.053817 seconds .

========================================================================
Received Import Request.
  Time since last request: 1.735248 seconds.
  path: Assets/Project/Scenes/Level1.unity
  artifactKey: Guid(2cda990e2423bbf4892e6590ba056729) Importer(815301076,1909f56bfc062723c751e8b465ee728b)
Start importing Assets/Project/Scenes/Level1.unity using Guid(2cda990e2423bbf4892e6590ba056729) Importer(815301076,1909f56bfc062723c751e8b465ee728b)  -> (artifact id: '2f3267e4e4b283e6b73524912e62df05') in 0.010064 seconds
  Import took 0.015737 seconds .

========================================================================
Received Import Request.
  Time since last request: 24.437728 seconds.
  path: Assets/Project/Prefabs/Level.prefab
  artifactKey: Guid(f0f90d2ad0d8ced468d0e161ef96537d) Importer(815301076,1909f56bfc062723c751e8b465ee728b)
Start importing Assets/Project/Prefabs/Level.prefab using Guid(f0f90d2ad0d8ced468d0e161ef96537d) Importer(815301076,1909f56bfc062723c751e8b465ee728b)  -> (artifact id: '52726be58b26484824ce9ada7f600da3') in 0.088612 seconds
  Import took 0.102597 seconds .

========================================================================
Received Import Request.
  Time since last request: 7.218583 seconds.
  path: Assets/Project/Prefabs/Level.prefab
  artifactKey: Guid(f0f90d2ad0d8ced468d0e161ef96537d) Importer(815301076,1909f56bfc062723c751e8b465ee728b)
Start importing Assets/Project/Prefabs/Level.prefab using Guid(f0f90d2ad0d8ced468d0e161ef96537d) Importer(815301076,1909f56bfc062723c751e8b465ee728b)  -> (artifact id: '6f6ea4fc2ad347b8a0bd3991947a9112') in 0.059699 seconds
  Import took 0.072201 seconds .

========================================================================
Received Import Request.
  Time since last request: 20.573031 seconds.
  path: Assets/Project/Prefabs/Level.prefab
  artifactKey: Guid(f0f90d2ad0d8ced468d0e161ef96537d) Importer(815301076,1909f56bfc062723c751e8b465ee728b)
Start importing Assets/Project/Prefabs/Level.prefab using Guid(f0f90d2ad0d8ced468d0e161ef96537d) Importer(815301076,1909f56bfc062723c751e8b465ee728b)  -> (artifact id: '9b349af7179ca00b69abdf15ff1526cc') in 0.036964 seconds
  Import took 0.055448 seconds .

========================================================================
Received Import Request.
  Time since last request: 11.209773 seconds.
  path: Assets/Project/Scenes/Level2.unity
  artifactKey: Guid(ad37da0dc73d7ae43bd66b9cdca3c0b1) Importer(815301076,1909f56bfc062723c751e8b465ee728b)
Start importing Assets/Project/Scenes/Level2.unity using Guid(ad37da0dc73d7ae43bd66b9cdca3c0b1) Importer(815301076,1909f56bfc062723c751e8b465ee728b)  -> (artifact id: '5fc9bc81bcc1f1c1925398284a168f08') in 0.020346 seconds
  Import took 0.037007 seconds .

========================================================================
Received Import Request.
  Time since last request: 14.551051 seconds.
  path: Assets/Project/Scenes/Level1.unity
  artifactKey: Guid(2cda990e2423bbf4892e6590ba056729) Importer(815301076,1909f56bfc062723c751e8b465ee728b)
Start importing Assets/Project/Scenes/Level1.unity using Guid(2cda990e2423bbf4892e6590ba056729) Importer(815301076,1909f56bfc062723c751e8b465ee728b)  -> (artifact id: 'b40a77db2daf91e0e4de63df19d999d4') in 0.012086 seconds
  Import took 0.023906 seconds .

========================================================================
Received Prepare
Registering precompiled user dll's ...
Registered in 0.001034 seconds.
Begin MonoManager ReloadAssembly
Native extension for WindowsStandalone target not found
Refreshing native plugins compatible for Editor in 0.39 ms, found 1 plugins.
Preloading 0 native plugins for Editor in 0.00 ms.
Invoked RoslynAnalysisRunner static constructor.
RoslynAnalysisRunner will not be running.
RoslynAnalysisRunner has terminated.
Mono: successfully reloaded assembly
- Completed reload, in  1.222 seconds
Platform modules already initialized, skipping
Refreshing native plugins compatible for Editor in 0.50 ms, found 1 plugins.
Preloading 0 native plugins for Editor in 0.00 ms.
Unloading 1806 Unused Serialized files (Serialized files now loaded: 0)
System memory in use before: 89.2 MB.
System memory in use after: 89.2 MB.

Unloading 11 unused Assets to reduce memory usage. Loaded Objects now: 2339.
Total: 2.626700 ms (FindLiveObjects: 0.291000 ms CreateObjectMapping: 0.150800 ms MarkObjects: 2.060200 ms  DeleteObjects: 0.122500 ms)

========================================================================
Received Prepare
Registering precompiled user dll's ...
Registered in 0.001082 seconds.
Begin MonoManager ReloadAssembly
Native extension for WindowsStandalone target not found
Refreshing native plugins compatible for Editor in 0.43 ms, found 1 plugins.
Preloading 0 native plugins for Editor in 0.00 ms.
Invoked RoslynAnalysisRunner static constructor.
RoslynAnalysisRunner will not be running.
RoslynAnalysisRunner has terminated.
Mono: successfully reloaded assembly
- Completed reload, in  1.303 seconds
Platform modules already initialized, skipping
Refreshing native plugins compatible for Editor in 0.44 ms, found 1 plugins.
Preloading 0 native plugins for Editor in 0.00 ms.
Unloading 1806 Unused Serialized files (Serialized files now loaded: 0)
System memory in use before: 89.2 MB.
System memory in use after: 89.2 MB.

Unloading 11 unused Assets to reduce memory usage. Loaded Objects now: 2343.
Total: 2.845900 ms (FindLiveObjects: 0.201200 ms CreateObjectMapping: 0.084800 ms MarkObjects: 2.365600 ms  DeleteObjects: 0.192900 ms)

========================================================================
Received Prepare
Registering precompiled user dll's ...
Registered in 0.001169 seconds.
Begin MonoManager ReloadAssembly
Native extension for WindowsStandalone target not found
Refreshing native plugins compatible for Editor in 0.45 ms, found 1 plugins.
Preloading 0 native plugins for Editor in 0.00 ms.
Invoked RoslynAnalysisRunner static constructor.
RoslynAnalysisRunner will not be running.
RoslynAnalysisRunner has terminated.
Mono: successfully reloaded assembly
- Completed reload, in  1.531 seconds
Platform modules already initialized, skipping
Refreshing native plugins compatible for Editor in 0.43 ms, found 1 plugins.
Preloading 0 native plugins for Editor in 0.00 ms.
Unloading 1806 Unused Serialized files (Serialized files now loaded: 0)
System memory in use before: 89.2 MB.
System memory in use after: 89.2 MB.

Unloading 11 unused Assets to reduce memory usage. Loaded Objects now: 2347.
Total: 3.869300 ms (FindLiveObjects: 0.369700 ms CreateObjectMapping: 1.107600 ms MarkObjects: 2.242100 ms  DeleteObjects: 0.148500 ms)

========================================================================
Received Prepare
Registering precompiled user dll's ...
Registered in 0.001690 seconds.
Begin MonoManager ReloadAssembly
Native extension for WindowsStandalone target not found
Refreshing native plugins compatible for Editor in 0.44 ms, found 1 plugins.
Preloading 0 native plugins for Editor in 0.00 ms.
Invoked RoslynAnalysisRunner static constructor.
RoslynAnalysisRunner will not be running.
RoslynAnalysisRunner has terminated.
Mono: successfully reloaded assembly
- Completed reload, in  1.507 seconds
Platform modules already initialized, skipping
Refreshing native plugins compatible for Editor in 0.41 ms, found 1 plugins.
Preloading 0 native plugins for Editor in 0.00 ms.
Unloading 1806 Unused Serialized files (Serialized files now loaded: 0)
System memory in use before: 89.2 MB.
System memory in use after: 89.2 MB.

Unloading 11 unused Assets to reduce memory usage. Loaded Objects now: 2351.
Total: 3.906300 ms (FindLiveObjects: 0.609700 ms CreateObjectMapping: 0.113100 ms MarkObjects: 3.066800 ms  DeleteObjects: 0.114800 ms)

========================================================================
Received Import Request.
  Time since last request: 141.816555 seconds.
  path: Assets/Project/Prefabs/Ball.prefab
  artifactKey: Guid(0a3065523564eee4588f3e1fa72ef5fd) Importer(815301076,1909f56bfc062723c751e8b465ee728b)
Start importing Assets/Project/Prefabs/Ball.prefab using Guid(0a3065523564eee4588f3e1fa72ef5fd) Importer(815301076,1909f56bfc062723c751e8b465ee728b)  -> (artifact id: '2c1b8a997e3667607319daadb0c8391e') in 0.111721 seconds
  Import took 0.126852 seconds .

========================================================================
Received Prepare
Registering precompiled user dll's ...
Registered in 0.001326 seconds.
Begin MonoManager ReloadAssembly
Native extension for WindowsStandalone target not found
Refreshing native plugins compatible for Editor in 0.42 ms, found 1 plugins.
Preloading 0 native plugins for Editor in 0.00 ms.
Invoked RoslynAnalysisRunner static constructor.
RoslynAnalysisRunner will not be running.
RoslynAnalysisRunner has terminated.
Mono: successfully reloaded assembly
- Completed reload, in  1.488 seconds
Platform modules already initialized, skipping
Refreshing native plugins compatible for Editor in 0.41 ms, found 1 plugins.
Preloading 0 native plugins for Editor in 0.00 ms.
Unloading 1806 Unused Serialized files (Serialized files now loaded: 0)
System memory in use before: 89.2 MB.
System memory in use after: 89.3 MB.

Unloading 11 unused Assets to reduce memory usage. Loaded Objects now: 2356.
Total: 4.034900 ms (FindLiveObjects: 0.725100 ms CreateObjectMapping: 0.271800 ms MarkObjects: 2.925300 ms  DeleteObjects: 0.110900 ms)

========================================================================
Received Prepare
Registering precompiled user dll's ...
Registered in 0.001119 seconds.
Begin MonoManager ReloadAssembly
Native extension for WindowsStandalone target not found
Refreshing native plugins compatible for Editor in 0.42 ms, found 1 plugins.
Preloading 0 native plugins for Editor in 0.00 ms.
Invoked RoslynAnalysisRunner static constructor.
RoslynAnalysisRunner will not be running.
RoslynAnalysisRunner has terminated.
Mono: successfully reloaded assembly
- Completed reload, in  1.501 seconds
Platform modules already initialized, skipping
Refreshing native plugins compatible for Editor in 0.44 ms, found 1 plugins.
Preloading 0 native plugins for Editor in 0.00 ms.
Unloading 1806 Unused Serialized files (Serialized files now loaded: 0)
System memory in use before: 89.3 MB.
System memory in use after: 89.3 MB.

Unloading 11 unused Assets to reduce memory usage. Loaded Objects now: 2360.
Total: 2.868700 ms (FindLiveObjects: 0.302400 ms CreateObjectMapping: 0.118900 ms MarkObjects: 2.334000 ms  DeleteObjects: 0.111400 ms)

========================================================================
Received Import Request.
  Time since last request: 272.152941 seconds.
  path: Assets/Project/Scenes/Level1.unity
  artifactKey: Guid(2cda990e2423bbf4892e6590ba056729) Importer(815301076,1909f56bfc062723c751e8b465ee728b)
Start importing Assets/Project/Scenes/Level1.unity using Guid(2cda990e2423bbf4892e6590ba056729) Importer(815301076,1909f56bfc062723c751e8b465ee728b)  -> (artifact id: '600ffdd749e562d53ec068ec88dc15ae') in 0.021338 seconds
  Import took 0.038492 seconds .

========================================================================
Received Prepare
Registering precompiled user dll's ...
Registered in 0.001118 seconds.
Begin MonoManager ReloadAssembly
Native extension for WindowsStandalone target not found
Refreshing native plugins compatible for Editor in 0.51 ms, found 1 plugins.
Preloading 0 native plugins for Editor in 0.00 ms.
Invoked RoslynAnalysisRunner static constructor.
RoslynAnalysisRunner will not be running.
RoslynAnalysisRunner has terminated.
Mono: successfully reloaded assembly
- Completed reload, in  1.474 seconds
Platform modules already initialized, skipping
Refreshing native plugins compatible for Editor in 0.57 ms, found 1 plugins.
Preloading 0 native plugins for Editor in 0.00 ms.
Unloading 1806 Unused Serialized files (Serialized files now loaded: 0)
System memory in use before: 89.3 MB.
System memory in use after: 89.3 MB.

Unloading 11 unused Assets to reduce memory usage. Loaded Objects now: 2364.
Total: 5.315800 ms (FindLiveObjects: 0.770100 ms CreateObjectMapping: 0.431400 ms MarkObjects: 4.005400 ms  DeleteObjects: 0.106800 ms)

========================================================================
Received Prepare
Registering precompiled user dll's ...
Registered in 0.001228 seconds.
Begin MonoManager ReloadAssembly
Native extension for WindowsStandalone target not found
Refreshing native plugins compatible for Editor in 0.43 ms, found 1 plugins.
Preloading 0 native plugins for Editor in 0.00 ms.
Invoked RoslynAnalysisRunner static constructor.
RoslynAnalysisRunner will not be running.
RoslynAnalysisRunner has terminated.
Mono: successfully reloaded assembly
- Completed reload, in  1.176 seconds
Platform modules already initialized, skipping
Refreshing native plugins compatible for Editor in 0.42 ms, found 1 plugins.
Preloading 0 native plugins for Editor in 0.00 ms.
Unloading 1806 Unused Serialized files (Serialized files now loaded: 0)
System memory in use before: 89.3 MB.
System memory in use after: 89.3 MB.

Unloading 11 unused Assets to reduce memory usage. Loaded Objects now: 2368.
Total: 2.949300 ms (FindLiveObjects: 0.582900 ms CreateObjectMapping: 0.284800 ms MarkObjects: 1.939000 ms  DeleteObjects: 0.141200 ms)

========================================================================
Received Prepare
Registering precompiled user dll's ...
Registered in 0.001476 seconds.
Begin MonoManager ReloadAssembly
Native extension for WindowsStandalone target not found
Refreshing native plugins compatible for Editor in 1.06 ms, found 1 plugins.
Preloading 0 native plugins for Editor in 0.00 ms.
Invoked RoslynAnalysisRunner static constructor.
RoslynAnalysisRunner will not be running.
RoslynAnalysisRunner has terminated.
Mono: successfully reloaded assembly
- Completed reload, in  1.575 seconds
Platform modules already initialized, skipping
Refreshing native plugins compatible for Editor in 0.77 ms, found 1 plugins.
Preloading 0 native plugins for Editor in 0.00 ms.
Unloading 1806 Unused Serialized files (Serialized files now loaded: 0)
System memory in use before: 89.3 MB.
System memory in use after: 89.3 MB.

Unloading 11 unused Assets to reduce memory usage. Loaded Objects now: 2372.
Total: 4.148300 ms (FindLiveObjects: 0.255400 ms CreateObjectMapping: 0.266600 ms MarkObjects: 2.871300 ms  DeleteObjects: 0.753100 ms)

========================================================================
Received Prepare
Registering precompiled user dll's ...
Registered in 0.001094 seconds.
Begin MonoManager ReloadAssembly
Native extension for WindowsStandalone target not found
Refreshing native plugins compatible for Editor in 0.43 ms, found 1 plugins.
Preloading 0 native plugins for Editor in 0.00 ms.
Invoked RoslynAnalysisRunner static constructor.
RoslynAnalysisRunner will not be running.
RoslynAnalysisRunner has terminated.
Mono: successfully reloaded assembly
- Completed reload, in  1.354 seconds
Platform modules already initialized, skipping
Refreshing native plugins compatible for Editor in 0.40 ms, found 1 plugins.
Preloading 0 native plugins for Editor in 0.00 ms.
Unloading 1806 Unused Serialized files (Serialized files now loaded: 0)
System memory in use before: 89.3 MB.
System memory in use after: 89.3 MB.

Unloading 11 unused Assets to reduce memory usage. Loaded Objects now: 2376.
Total: 4.760000 ms (FindLiveObjects: 0.230800 ms CreateObjectMapping: 0.108000 ms MarkObjects: 4.310200 ms  DeleteObjects: 0.109100 ms)

========================================================================
Received Prepare
Registering precompiled user dll's ...
Registered in 0.001818 seconds.
Begin MonoManager ReloadAssembly
Native extension for WindowsStandalone target not found
Refreshing native plugins compatible for Editor in 0.39 ms, found 1 plugins.
Preloading 0 native plugins for Editor in 0.00 ms.
Invoked RoslynAnalysisRunner static constructor.
RoslynAnalysisRunner will not be running.
RoslynAnalysisRunner has terminated.
Mono: successfully reloaded assembly
- Completed reload, in  1.197 seconds
Platform modules already initialized, skipping
Refreshing native plugins compatible for Editor in 0.47 ms, found 1 plugins.
Preloading 0 native plugins for Editor in 0.00 ms.
Unloading 1806 Unused Serialized files (Serialized files now loaded: 0)
System memory in use before: 89.3 MB.
System memory in use after: 89.3 MB.

Unloading 11 unused Assets to reduce memory usage. Loaded Objects now: 2380.
Total: 4.048900 ms (FindLiveObjects: 0.582900 ms CreateObjectMapping: 0.169200 ms MarkObjects: 3.134700 ms  DeleteObjects: 0.160100 ms)

========================================================================
Received Import Request.
  Time since last request: 224.469766 seconds.
  path: Assets/Project/VFX/DestroyVFX.prefab
  artifactKey: Guid(4adffb0018aeda44e9263f901167af1f) Importer(815301076,1909f56bfc062723c751e8b465ee728b)
Start importing Assets/Project/VFX/DestroyVFX.prefab using Guid(4adffb0018aeda44e9263f901167af1f) Importer(815301076,1909f56bfc062723c751e8b465ee728b)  -> (artifact id: '72a818203e7c43602efe170f983f1577') in 0.039801 seconds
  Import took 0.047927 seconds .

========================================================================
Received Import Request.
  Time since last request: 2.497878 seconds.
  path: Assets/Project/Scenes/Level1.unity
  artifactKey: Guid(2cda990e2423bbf4892e6590ba056729) Importer(815301076,1909f56bfc062723c751e8b465ee728b)
Start importing Assets/Project/Scenes/Level1.unity using Guid(2cda990e2423bbf4892e6590ba056729) Importer(815301076,1909f56bfc062723c751e8b465ee728b)  -> (artifact id: 'c78d3fc14c9bdd1271c4fe8be1e51bfa') in 0.008676 seconds
  Import took 0.031718 seconds .

========================================================================
Received Prepare
Registering precompiled user dll's ...
Registered in 0.001047 seconds.
Begin MonoManager ReloadAssembly
Native extension for WindowsStandalone target not found
Refreshing native plugins compatible for Editor in 0.41 ms, found 1 plugins.
Preloading 0 native plugins for Editor in 0.00 ms.
Invoked RoslynAnalysisRunner static constructor.
RoslynAnalysisRunner will not be running.
RoslynAnalysisRunner has terminated.
Mono: successfully reloaded assembly
- Completed reload, in  1.168 seconds
Platform modules already initialized, skipping
Refreshing native plugins compatible for Editor in 0.43 ms, found 1 plugins.
Preloading 0 native plugins for Editor in 0.00 ms.
Unloading 1806 Unused Serialized files (Serialized files now loaded: 0)
System memory in use before: 89.3 MB.
System memory in use after: 89.3 MB.

Unloading 11 unused Assets to reduce memory usage. Loaded Objects now: 2384.
Total: 2.583300 ms (FindLiveObjects: 0.270900 ms CreateObjectMapping: 0.110900 ms MarkObjects: 2.079400 ms  DeleteObjects: 0.108000 ms)

========================================================================
Received Prepare
Registering precompiled user dll's ...
Registered in 0.001260 seconds.
Begin MonoManager ReloadAssembly
Native extension for WindowsStandalone target not found
Refreshing native plugins compatible for Editor in 0.40 ms, found 1 plugins.
Preloading 0 native plugins for Editor in 0.00 ms.
Invoked RoslynAnalysisRunner static constructor.
RoslynAnalysisRunner will not be running.
RoslynAnalysisRunner has terminated.
Mono: successfully reloaded assembly
- Completed reload, in  1.221 seconds
Platform modules already initialized, skipping
Refreshing native plugins compatible for Editor in 0.49 ms, found 1 plugins.
Preloading 0 native plugins for Editor in 0.00 ms.
Unloading 1806 Unused Serialized files (Serialized files now loaded: 0)
System memory in use before: 89.3 MB.
System memory in use after: 89.3 MB.

Unloading 11 unused Assets to reduce memory usage. Loaded Objects now: 2388.
Total: 2.309100 ms (FindLiveObjects: 0.247700 ms CreateObjectMapping: 0.105900 ms MarkObjects: 1.844800 ms  DeleteObjects: 0.109100 ms)

========================================================================
Received Prepare
Registering precompiled user dll's ...
Registered in 0.001103 seconds.
Begin MonoManager ReloadAssembly
Native extension for WindowsStandalone target not found
Refreshing native plugins compatible for Editor in 0.64 ms, found 1 plugins.
Preloading 0 native plugins for Editor in 0.00 ms.
Invoked RoslynAnalysisRunner static constructor.
RoslynAnalysisRunner will not be running.
RoslynAnalysisRunner has terminated.
Mono: successfully reloaded assembly
- Completed reload, in  1.317 seconds
Platform modules already initialized, skipping
Refreshing native plugins compatible for Editor in 0.43 ms, found 1 plugins.
Preloading 0 native plugins for Editor in 0.00 ms.
Unloading 1806 Unused Serialized files (Serialized files now loaded: 0)
System memory in use before: 89.3 MB.
System memory in use after: 89.4 MB.

Unloading 11 unused Assets to reduce memory usage. Loaded Objects now: 2392.
Total: 2.611100 ms (FindLiveObjects: 0.245700 ms CreateObjectMapping: 0.120800 ms MarkObjects: 2.034300 ms  DeleteObjects: 0.196600 ms)

========================================================================
Received Prepare
Registering precompiled user dll's ...
Registered in 0.001302 seconds.
Begin MonoManager ReloadAssembly
Native extension for WindowsStandalone target not found
Refreshing native plugins compatible for Editor in 0.41 ms, found 1 plugins.
Preloading 0 native plugins for Editor in 0.00 ms.
Invoked RoslynAnalysisRunner static constructor.
RoslynAnalysisRunner will not be running.
RoslynAnalysisRunner has terminated.
Mono: successfully reloaded assembly
- Completed reload, in  1.245 seconds
Platform modules already initialized, skipping
Refreshing native plugins compatible for Editor in 0.40 ms, found 1 plugins.
Preloading 0 native plugins for Editor in 0.00 ms.
Unloading 1806 Unused Serialized files (Serialized files now loaded: 0)
System memory in use before: 89.3 MB.
System memory in use after: 89.4 MB.

Unloading 11 unused Assets to reduce memory usage. Loaded Objects now: 2396.
Total: 2.524200 ms (FindLiveObjects: 0.304600 ms CreateObjectMapping: 0.122300 ms MarkObjects: 1.981700 ms  DeleteObjects: 0.113600 ms)

========================================================================
Received Prepare
Registering precompiled user dll's ...
Registered in 0.001492 seconds.
Begin MonoManager ReloadAssembly
Native extension for WindowsStandalone target not found
Refreshing native plugins compatible for Editor in 0.40 ms, found 1 plugins.
Preloading 0 native plugins for Editor in 0.00 ms.
Invoked RoslynAnalysisRunner static constructor.
RoslynAnalysisRunner will not be running.
RoslynAnalysisRunner has terminated.
Mono: successfully reloaded assembly
- Completed reload, in  1.187 seconds
Platform modules already initialized, skipping
Refreshing native plugins compatible for Editor in 0.42 ms, found 1 plugins.
Preloading 0 native plugins for Editor in 0.00 ms.
Unloading 1806 Unused Serialized files (Serialized files now loaded: 0)
System memory in use before: 89.3 MB.
System memory in use after: 89.4 MB.

Unloading 11 unused Assets to reduce memory usage. Loaded Objects now: 2400.
Total: 2.551100 ms (FindLiveObjects: 0.270000 ms CreateObjectMapping: 0.101900 ms MarkObjects: 2.017500 ms  DeleteObjects: 0.160500 ms)

========================================================================
Received Prepare
Registering precompiled user dll's ...
Registered in 0.001467 seconds.
Begin MonoManager ReloadAssembly
Native extension for WindowsStandalone target not found
Refreshing native plugins compatible for Editor in 0.42 ms, found 1 plugins.
Preloading 0 native plugins for Editor in 0.00 ms.
Invoked RoslynAnalysisRunner static constructor.
RoslynAnalysisRunner will not be running.
RoslynAnalysisRunner has terminated.
Mono: successfully reloaded assembly
- Completed reload, in  1.545 seconds
Platform modules already initialized, skipping
Refreshing native plugins compatible for Editor in 0.41 ms, found 1 plugins.
Preloading 0 native plugins for Editor in 0.00 ms.
Unloading 1806 Unused Serialized files (Serialized files now loaded: 0)
System memory in use before: 89.4 MB.
System memory in use after: 89.4 MB.

Unloading 11 unused Assets to reduce memory usage. Loaded Objects now: 2404.
Total: 3.728200 ms (FindLiveObjects: 0.244900 ms CreateObjectMapping: 0.115700 ms MarkObjects: 3.240300 ms  DeleteObjects: 0.125400 ms)

========================================================================
Received Import Request.
  Time since last request: 269.355925 seconds.
  path: Assets/Project/Prefabs/Racket.prefab
  artifactKey: Guid(bcdb5d955fbec4d4eb4686ab6d2e5f5f) Importer(815301076,1909f56bfc062723c751e8b465ee728b)
Start importing Assets/Project/Prefabs/Racket.prefab using Guid(bcdb5d955fbec4d4eb4686ab6d2e5f5f) Importer(815301076,1909f56bfc062723c751e8b465ee728b)  -> (artifact id: '944f44fa6f2d2c8ab993796bc0eaae30') in 0.114647 seconds
  Import took 0.130612 seconds .

========================================================================
Received Import Request.
  Time since last request: 38.995641 seconds.
  path: Assets/Project/Prefabs/Racket.prefab
  artifactKey: Guid(bcdb5d955fbec4d4eb4686ab6d2e5f5f) Importer(815301076,1909f56bfc062723c751e8b465ee728b)
Start importing Assets/Project/Prefabs/Racket.prefab using Guid(bcdb5d955fbec4d4eb4686ab6d2e5f5f) Importer(815301076,1909f56bfc062723c751e8b465ee728b)  -> (artifact id: 'bb1732f4e4961fa56195e2ff4c5df42d') in 0.047280 seconds
  Import took 0.073555 seconds .

========================================================================
Received Import Request.
  Time since last request: 80.850269 seconds.
  path: Assets/Project/Prefabs/Ball.prefab
  artifactKey: Guid(0a3065523564eee4588f3e1fa72ef5fd) Importer(815301076,1909f56bfc062723c751e8b465ee728b)
Start importing Assets/Project/Prefabs/Ball.prefab using Guid(0a3065523564eee4588f3e1fa72ef5fd) Importer(815301076,1909f56bfc062723c751e8b465ee728b)  -> (artifact id: '0399a19ea28fe20716ac0939d1c3136b') in 0.031876 seconds
  Import took 0.048079 seconds .

========================================================================
Received Import Request.
  Time since last request: 13.491810 seconds.
  path: Assets/Project/Prefabs/Racket.prefab
  artifactKey: Guid(bcdb5d955fbec4d4eb4686ab6d2e5f5f) Importer(815301076,1909f56bfc062723c751e8b465ee728b)
Start importing Assets/Project/Prefabs/Racket.prefab using Guid(bcdb5d955fbec4d4eb4686ab6d2e5f5f) Importer(815301076,1909f56bfc062723c751e8b465ee728b)  -> (artifact id: '5587c4014c75be1e037b35bd95055b5e') in 0.043783 seconds
  Import took 0.063153 seconds .

========================================================================
Received Import Request.
  Time since last request: 7.452326 seconds.
  path: Assets/Project/Prefabs/Racket.prefab
  artifactKey: Guid(bcdb5d955fbec4d4eb4686ab6d2e5f5f) Importer(815301076,1909f56bfc062723c751e8b465ee728b)
Start importing Assets/Project/Prefabs/Racket.prefab using Guid(bcdb5d955fbec4d4eb4686ab6d2e5f5f) Importer(815301076,1909f56bfc062723c751e8b465ee728b)  -> (artifact id: 'aa26129388da527b794c6d6fbd59b9f1') in 0.058504 seconds
  Import took 0.063926 seconds .

========================================================================
Received Import Request.
  Time since last request: 62.228070 seconds.
  path: Assets/Project/Prefabs/Racket.prefab
  artifactKey: Guid(bcdb5d955fbec4d4eb4686ab6d2e5f5f) Importer(815301076,1909f56bfc062723c751e8b465ee728b)
Start importing Assets/Project/Prefabs/Racket.prefab using Guid(bcdb5d955fbec4d4eb4686ab6d2e5f5f) Importer(815301076,1909f56bfc062723c751e8b465ee728b)  -> (artifact id: '75d0b0ba5ecbef241c863aa1cd9a6e50') in 0.017145 seconds
  Import took 0.025024 seconds .

========================================================================
Received Prepare
Registering precompiled user dll's ...
Registered in 0.001131 seconds.
Begin MonoManager ReloadAssembly
Native extension for WindowsStandalone target not found
Refreshing native plugins compatible for Editor in 0.41 ms, found 1 plugins.
Preloading 0 native plugins for Editor in 0.00 ms.
Invoked RoslynAnalysisRunner static constructor.
RoslynAnalysisRunner will not be running.
RoslynAnalysisRunner has terminated.
Mono: successfully reloaded assembly
- Completed reload, in  1.076 seconds
Platform modules already initialized, skipping
Refreshing native plugins compatible for Editor in 0.43 ms, found 1 plugins.
Preloading 0 native plugins for Editor in 0.00 ms.
Unloading 1806 Unused Serialized files (Serialized files now loaded: 0)
System memory in use before: 89.4 MB.
System memory in use after: 89.4 MB.

Unloading 11 unused Assets to reduce memory usage. Loaded Objects now: 2409.
Total: 2.960300 ms (FindLiveObjects: 0.309000 ms CreateObjectMapping: 0.372600 ms MarkObjects: 2.116800 ms  DeleteObjects: 0.160700 ms)

========================================================================
Received Import Request.
  Time since last request: 157.178568 seconds.
  path: Assets/Project/Prefabs/Player.prefab
  artifactKey: Guid(48d7302bb2514874d9fd028d771b6c05) Importer(815301076,1909f56bfc062723c751e8b465ee728b)
Start importing Assets/Project/Prefabs/Player.prefab using Guid(48d7302bb2514874d9fd028d771b6c05) Importer(815301076,1909f56bfc062723c751e8b465ee728b)  -> (artifact id: 'ec9799eeaf04234e3f180e0ba41cf874') in 0.092268 seconds
  Import took 0.108456 seconds .

========================================================================
Received Import Request.
  Time since last request: 63.514376 seconds.
  path: Assets/Project/Prefabs/Player.prefab
  artifactKey: Guid(48d7302bb2514874d9fd028d771b6c05) Importer(815301076,1909f56bfc062723c751e8b465ee728b)
Start importing Assets/Project/Prefabs/Player.prefab using Guid(48d7302bb2514874d9fd028d771b6c05) Importer(815301076,1909f56bfc062723c751e8b465ee728b)  -> (artifact id: '9b4bea47c8351cdaad277ce4f1b9caec') in 0.016118 seconds
  Import took 0.020522 seconds .

========================================================================
Received Prepare
Registering precompiled user dll's ...
Registered in 0.001406 seconds.
Begin MonoManager ReloadAssembly
Native extension for WindowsStandalone target not found
Refreshing native plugins compatible for Editor in 0.49 ms, found 1 plugins.
Preloading 0 native plugins for Editor in 0.00 ms.
Invoked RoslynAnalysisRunner static constructor.
RoslynAnalysisRunner will not be running.
RoslynAnalysisRunner has terminated.
Mono: successfully reloaded assembly
- Completed reload, in  1.065 seconds
Platform modules already initialized, skipping
Refreshing native plugins compatible for Editor in 0.42 ms, found 1 plugins.
Preloading 0 native plugins for Editor in 0.00 ms.
Unloading 1806 Unused Serialized files (Serialized files now loaded: 0)
System memory in use before: 89.4 MB.
System memory in use after: 89.4 MB.

Unloading 11 unused Assets to reduce memory usage. Loaded Objects now: 2414.
Total: 2.591500 ms (FindLiveObjects: 0.242400 ms CreateObjectMapping: 0.098300 ms MarkObjects: 2.129600 ms  DeleteObjects: 0.119700 ms)

========================================================================
Received Import Request.
  Time since last request: 90.623068 seconds.
  path: Assets/Project/Scenes/Level2.unity
  artifactKey: Guid(ad37da0dc73d7ae43bd66b9cdca3c0b1) Importer(815301076,1909f56bfc062723c751e8b465ee728b)
Start importing Assets/Project/Scenes/Level2.unity using Guid(ad37da0dc73d7ae43bd66b9cdca3c0b1) Importer(815301076,1909f56bfc062723c751e8b465ee728b)  -> (artifact id: '0e80cd1ea6c2fb9fcf980da2d8de5cb7') in 0.020074 seconds
  Import took 0.031489 seconds .

========================================================================
Received Prepare
Registering precompiled user dll's ...
Registered in 0.001061 seconds.
Begin MonoManager ReloadAssembly
Native extension for WindowsStandalone target not found
Refreshing native plugins compatible for Editor in 0.82 ms, found 1 plugins.
Preloading 0 native plugins for Editor in 0.00 ms.
Invoked RoslynAnalysisRunner static constructor.
RoslynAnalysisRunner will not be running.
RoslynAnalysisRunner has terminated.
Mono: successfully reloaded assembly
- Completed reload, in  1.116 seconds
Platform modules already initialized, skipping
Refreshing native plugins compatible for Editor in 0.42 ms, found 1 plugins.
Preloading 0 native plugins for Editor in 0.00 ms.
Unloading 1806 Unused Serialized files (Serialized files now loaded: 0)
System memory in use before: 89.4 MB.
System memory in use after: 89.4 MB.

Unloading 11 unused Assets to reduce memory usage. Loaded Objects now: 2418.
Total: 3.298000 ms (FindLiveObjects: 0.312900 ms CreateObjectMapping: 0.694800 ms MarkObjects: 2.154500 ms  DeleteObjects: 0.133800 ms)

========================================================================
Received Prepare
Registering precompiled user dll's ...
Registered in 0.001613 seconds.
Begin MonoManager ReloadAssembly
Native extension for WindowsStandalone target not found
Refreshing native plugins compatible for Editor in 0.40 ms, found 1 plugins.
Preloading 0 native plugins for Editor in 0.00 ms.
Invoked RoslynAnalysisRunner static constructor.
RoslynAnalysisRunner will not be running.
RoslynAnalysisRunner has terminated.
Mono: successfully reloaded assembly
- Completed reload, in  1.103 seconds
Platform modules already initialized, skipping
Refreshing native plugins compatible for Editor in 0.40 ms, found 1 plugins.
Preloading 0 native plugins for Editor in 0.00 ms.
Unloading 1806 Unused Serialized files (Serialized files now loaded: 0)
System memory in use before: 89.4 MB.
System memory in use after: 89.4 MB.

Unloading 11 unused Assets to reduce memory usage. Loaded Objects now: 2422.
Total: 2.574200 ms (FindLiveObjects: 0.248800 ms CreateObjectMapping: 0.103300 ms MarkObjects: 2.080500 ms  DeleteObjects: 0.140300 ms)

========================================================================
Received Import Request.
  Time since last request: 65.262907 seconds.
  path: Assets/Project/Scenes/Level1.unity
  artifactKey: Guid(2cda990e2423bbf4892e6590ba056729) Importer(815301076,1909f56bfc062723c751e8b465ee728b)
Start importing Assets/Project/Scenes/Level1.unity using Guid(2cda990e2423bbf4892e6590ba056729) Importer(815301076,1909f56bfc062723c751e8b465ee728b)  -> (artifact id: '85e5095e0be565bba1ac797404f5d342') in 0.020538 seconds
  Import took 0.042975 seconds .

========================================================================
Received Prepare
Registering precompiled user dll's ...
Registered in 0.001115 seconds.
Begin MonoManager ReloadAssembly
Native extension for WindowsStandalone target not found
Refreshing native plugins compatible for Editor in 0.42 ms, found 1 plugins.
Preloading 0 native plugins for Editor in 0.00 ms.
Invoked RoslynAnalysisRunner static constructor.
RoslynAnalysisRunner will not be running.
RoslynAnalysisRunner has terminated.
Mono: successfully reloaded assembly
- Completed reload, in  1.073 seconds
Platform modules already initialized, skipping
Refreshing native plugins compatible for Editor in 0.43 ms, found 1 plugins.
Preloading 0 native plugins for Editor in 0.00 ms.
Unloading 1806 Unused Serialized files (Serialized files now loaded: 0)
System memory in use before: 89.4 MB.
System memory in use after: 89.5 MB.

Unloading 11 unused Assets to reduce memory usage. Loaded Objects now: 2426.
Total: 15.835500 ms (FindLiveObjects: 2.349700 ms CreateObjectMapping: 8.958900 ms MarkObjects: 4.389800 ms  DeleteObjects: 0.135400 ms)

========================================================================
Received Prepare
Registering precompiled user dll's ...
Registered in 0.001669 seconds.
Begin MonoManager ReloadAssembly
Native extension for WindowsStandalone target not found
Refreshing native plugins compatible for Editor in 0.49 ms, found 1 plugins.
Preloading 0 native plugins for Editor in 0.00 ms.
Invoked RoslynAnalysisRunner static constructor.
RoslynAnalysisRunner will not be running.
RoslynAnalysisRunner has terminated.
Mono: successfully reloaded assembly
- Completed reload, in  1.209 seconds
Platform modules already initialized, skipping
Refreshing native plugins compatible for Editor in 0.43 ms, found 1 plugins.
Preloading 0 native plugins for Editor in 0.00 ms.
Unloading 1818 Unused Serialized files (Serialized files now loaded: 0)
System memory in use before: 89.7 MB.
System memory in use after: 89.7 MB.

Unloading 12 unused Assets to reduce memory usage. Loaded Objects now: 2440.
Total: 2.227500 ms (FindLiveObjects: 0.245400 ms CreateObjectMapping: 0.095000 ms MarkObjects: 1.783600 ms  DeleteObjects: 0.102400 ms)

========================================================================
Received Import Request.
  Time since last request: 127.255508 seconds.
  path: Assets/JMO Assets/Cartoon FX/CFX Prefabs/Electric/CFX_ElectricityBall.prefab
  artifactKey: Guid(77ec3c4e07a36814fb3169ecef41b50a) Importer(815301076,1909f56bfc062723c751e8b465ee728b)
Start importing Assets/JMO Assets/Cartoon FX/CFX Prefabs/Electric/CFX_ElectricityBall.prefab using Guid(77ec3c4e07a36814fb3169ecef41b50a) Importer(815301076,1909f56bfc062723c751e8b465ee728b)  -> (artifact id: 'b89ae9f65da23aaa614f279e666ce093') in 0.272263 seconds
  Import took 0.288742 seconds .

========================================================================
Received Import Request.
  Time since last request: 0.336427 seconds.
  path: Assets/JMO Assets/Cartoon FX/CFX Prefabs/Explosions/CFX_Firework_Trails_Gravity.prefab
  artifactKey: Guid(7ab2e1ecbde56ee48a2e1fa95800db14) Importer(815301076,1909f56bfc062723c751e8b465ee728b)
Start importing Assets/JMO Assets/Cartoon FX/CFX Prefabs/Explosions/CFX_Firework_Trails_Gravity.prefab using Guid(7ab2e1ecbde56ee48a2e1fa95800db14) Importer(815301076,1909f56bfc062723c751e8b465ee728b)  -> (artifact id: '149a02af7b5e9a2103048e4d79658c0d') in 0.054349 seconds
  Import took 0.064326 seconds .

========================================================================
Received Import Request.
  Time since last request: 2.472055 seconds.
  path: Assets/JMO Assets/Cartoon FX/CFX Prefabs/Misc/CFX_Magical_Source.prefab
  artifactKey: Guid(9e4577abe56a95f4a91d29a0473cd30c) Importer(815301076,1909f56bfc062723c751e8b465ee728b)
Start importing Assets/JMO Assets/Cartoon FX/CFX Prefabs/Misc/CFX_Magical_Source.prefab using Guid(9e4577abe56a95f4a91d29a0473cd30c) Importer(815301076,1909f56bfc062723c751e8b465ee728b)  -> (artifact id: '6e05ebfd577d3e51d3ffb2b7540c6656') in 0.167345 seconds
  Import took 0.187992 seconds .

========================================================================
Received Import Request.
  Time since last request: 0.000260 seconds.
  path: Assets/JMO Assets/Cartoon FX/CFX Prefabs/Misc/CFX_Tornado.prefab
  artifactKey: Guid(352304b7fbe11f445970df6ae36e6227) Importer(815301076,1909f56bfc062723c751e8b465ee728b)
Start importing Assets/JMO Assets/Cartoon FX/CFX Prefabs/Misc/CFX_Tornado.prefab using Guid(352304b7fbe11f445970df6ae36e6227) Importer(815301076,1909f56bfc062723c751e8b465ee728b)  -> (artifact id: '7a30507518c37c6de7a83cec57891316') in 0.024642 seconds
  Import took 0.080100 seconds .

========================================================================
Received Import Request.
  Time since last request: 0.000230 seconds.
  path: Assets/JMO Assets/Cartoon FX/CFX Prefabs/Misc/CFX_MagicPoof.prefab
  artifactKey: Guid(a40b64bf23366dc42a892af2c6ff6140) Importer(815301076,1909f56bfc062723c751e8b465ee728b)
Start importing Assets/JMO Assets/Cartoon FX/CFX Prefabs/Misc/CFX_MagicPoof.prefab using Guid(a40b64bf23366dc42a892af2c6ff6140) Importer(815301076,1909f56bfc062723c751e8b465ee728b)  -> (artifact id: 'a7c1bf8ce71d0857720df4670c835ec2') in 0.023845 seconds
  Import took 0.096605 seconds .

========================================================================
Received Import Request.
  Time since last request: 0.000222 seconds.
  path: Assets/JMO Assets/Cartoon FX/CFX Prefabs/Misc/CFX_Poof.prefab
  artifactKey: Guid(3156817f64ec68948ad6bb26569b9ef5) Importer(815301076,1909f56bfc062723c751e8b465ee728b)
Start importing Assets/JMO Assets/Cartoon FX/CFX Prefabs/Misc/CFX_Poof.prefab using Guid(3156817f64ec68948ad6bb26569b9ef5) Importer(815301076,1909f56bfc062723c751e8b465ee728b)  -> (artifact id: 'fab3c790d2645d8e8a4a9874bee958cc') in 0.173153 seconds
  Import took 0.178064 seconds .

========================================================================
Received Import Request.
  Time since last request: 0.000219 seconds.
  path: Assets/JMO Assets/Cartoon FX/CFX Prefabs/Misc/CFX_Virus.prefab
  artifactKey: Guid(2a474af3f4c27be4e9bdce39cfe4315d) Importer(815301076,1909f56bfc062723c751e8b465ee728b)
Start importing Assets/JMO Assets/Cartoon FX/CFX Prefabs/Misc/CFX_Virus.prefab using Guid(2a474af3f4c27be4e9bdce39cfe4315d) Importer(815301076,1909f56bfc062723c751e8b465ee728b)  -> (artifact id: 'c46aa4a13a37540cb0ab031ff1bd0381') in 0.042635 seconds
  Import took 0.049142 seconds .

========================================================================
Received Prepare
Registering precompiled user dll's ...
Registered in 0.001614 seconds.
Begin MonoManager ReloadAssembly
Native extension for WindowsStandalone target not found
Refreshing native plugins compatible for Editor in 0.42 ms, found 1 plugins.
Preloading 0 native plugins for Editor in 0.00 ms.
Invoked RoslynAnalysisRunner static constructor.
RoslynAnalysisRunner will not be running.
RoslynAnalysisRunner has terminated.
Mono: successfully reloaded assembly
- Completed reload, in  1.102 seconds
Platform modules already initialized, skipping
Refreshing native plugins compatible for Editor in 0.46 ms, found 1 plugins.
Preloading 0 native plugins for Editor in 0.00 ms.
Unloading 1818 Unused Serialized files (Serialized files now loaded: 0)
System memory in use before: 89.7 MB.
System memory in use after: 89.8 MB.

Unloading 12 unused Assets to reduce memory usage. Loaded Objects now: 2444.
Total: 2.863200 ms (FindLiveObjects: 0.444000 ms CreateObjectMapping: 0.276800 ms MarkObjects: 1.991600 ms  DeleteObjects: 0.149600 ms)

========================================================================
Received Import Request.
  Time since last request: 76.128541 seconds.
  path: Assets/Project/VFX/DestroyVFX.prefab
  artifactKey: Guid(7ab2e1ecbde56ee48a2e1fa95800db14) Importer(815301076,1909f56bfc062723c751e8b465ee728b)
Start importing Assets/Project/VFX/DestroyVFX.prefab using Guid(7ab2e1ecbde56ee48a2e1fa95800db14) Importer(815301076,1909f56bfc062723c751e8b465ee728b)  -> (artifact id: '3ac692c1625ddcc17652a3e2ff714403') in 0.045246 seconds
  Import took 0.061204 seconds .

========================================================================
Received Import Request.
  Time since last request: 0.012736 seconds.
  path: Assets/Project/VFX/DestroyVFX.prefab
  artifactKey: Guid(7ab2e1ecbde56ee48a2e1fa95800db14) Importer(815301076,1909f56bfc062723c751e8b465ee728b)
Start importing Assets/Project/VFX/DestroyVFX.prefab using Guid(7ab2e1ecbde56ee48a2e1fa95800db14) Importer(815301076,1909f56bfc062723c751e8b465ee728b)  -> (artifact id: '3ac692c1625ddcc17652a3e2ff714403') in 0.022849 seconds
  Import took 0.033965 seconds .

========================================================================
Received Import Request.
  Time since last request: 5.207085 seconds.
  path: Assets/JMO Assets/Cartoon FX/Scripts/CFX_AutoDestructShuriken.cs
  artifactKey: Guid(6fd2e8874f60266498a388d7229a1bac) Importer(815301076,1909f56bfc062723c751e8b465ee728b)
Start importing Assets/JMO Assets/Cartoon FX/Scripts/CFX_AutoDestructShuriken.cs using Guid(6fd2e8874f60266498a388d7229a1bac) Importer(815301076,1909f56bfc062723c751e8b465ee728b)  -> (artifact id: 'b279d007ba0865da498c990022425902') in 0.013443 seconds
  Import took 0.017678 seconds .

========================================================================
Received Prepare
Registering precompiled user dll's ...
Registered in 0.001532 seconds.
Begin MonoManager ReloadAssembly
Native extension for WindowsStandalone target not found
Refreshing native plugins compatible for Editor in 0.42 ms, found 1 plugins.
Preloading 0 native plugins for Editor in 0.00 ms.
Invoked RoslynAnalysisRunner static constructor.
RoslynAnalysisRunner will not be running.
RoslynAnalysisRunner has terminated.
Mono: successfully reloaded assembly
- Completed reload, in  1.348 seconds
Platform modules already initialized, skipping
Refreshing native plugins compatible for Editor in 0.45 ms, found 1 plugins.
Preloading 0 native plugins for Editor in 0.00 ms.
Unloading 1818 Unused Serialized files (Serialized files now loaded: 0)
System memory in use before: 89.9 MB.
System memory in use after: 90.0 MB.

Unloading 12 unused Assets to reduce memory usage. Loaded Objects now: 2448.
Total: 2.337000 ms (FindLiveObjects: 0.250600 ms CreateObjectMapping: 0.103500 ms MarkObjects: 1.842200 ms  DeleteObjects: 0.138900 ms)

========================================================================
Received Import Request.
  Time since last request: 73.880716 seconds.
  path: Assets/Project/Scripts/GameOverWindow.cs
  artifactKey: Guid(8e74ba140f55fb940878d5eae19f4b9b) Importer(815301076,1909f56bfc062723c751e8b465ee728b)
Start importing Assets/Project/Scripts/GameOverWindow.cs using Guid(8e74ba140f55fb940878d5eae19f4b9b) Importer(815301076,1909f56bfc062723c751e8b465ee728b)  -> (artifact id: 'a209e7706a7b3b84da2fd762f1070d46') in 0.014507 seconds
  Import took 0.033184 seconds .

========================================================================
Received Prepare
Registering precompiled user dll's ...
Registered in 0.001119 seconds.
Begin MonoManager ReloadAssembly
Native extension for WindowsStandalone target not found
Refreshing native plugins compatible for Editor in 0.42 ms, found 1 plugins.
Preloading 0 native plugins for Editor in 0.00 ms.
Invoked RoslynAnalysisRunner static constructor.
RoslynAnalysisRunner will not be running.
RoslynAnalysisRunner has terminated.
Mono: successfully reloaded assembly
- Completed reload, in  1.508 seconds
Platform modules already initialized, skipping
Refreshing native plugins compatible for Editor in 1.23 ms, found 1 plugins.
Preloading 0 native plugins for Editor in 0.00 ms.
Unloading 1807 Unused Serialized files (Serialized files now loaded: 0)
System memory in use before: 89.7 MB.
System memory in use after: 89.8 MB.

Unloading 20 unused Assets to reduce memory usage. Loaded Objects now: 2443.
Total: 6.290300 ms (FindLiveObjects: 0.309800 ms CreateObjectMapping: 0.104900 ms MarkObjects: 4.357500 ms  DeleteObjects: 1.516600 ms)

========================================================================
Received Import Request.
  Time since last request: 68.268174 seconds.
  path: Assets/Project/Prefabs/BreakableBlock.prefab
  artifactKey: Guid(4aff2e2303b58964cb34d3a16545069e) Importer(815301076,1909f56bfc062723c751e8b465ee728b)
Start importing Assets/Project/Prefabs/BreakableBlock.prefab using Guid(4aff2e2303b58964cb34d3a16545069e) Importer(815301076,1909f56bfc062723c751e8b465ee728b)  -> (artifact id: 'f7ea0654025ee8e1150aa08d4b14455c') in 0.124778 seconds
  Import took 0.130404 seconds .

========================================================================
Received Prepare
Registering precompiled user dll's ...
Registered in 0.001053 seconds.
Begin MonoManager ReloadAssembly
Native extension for WindowsStandalone target not found
Refreshing native plugins compatible for Editor in 0.45 ms, found 1 plugins.
Preloading 0 native plugins for Editor in 0.00 ms.
Invoked RoslynAnalysisRunner static constructor.
RoslynAnalysisRunner will not be running.
RoslynAnalysisRunner has terminated.
Mono: successfully reloaded assembly
- Completed reload, in  1.097 seconds
Platform modules already initialized, skipping
Refreshing native plugins compatible for Editor in 0.41 ms, found 1 plugins.
Preloading 0 native plugins for Editor in 0.00 ms.
Unloading 1807 Unused Serialized files (Serialized files now loaded: 0)
System memory in use before: 89.7 MB.
System memory in use after: 89.7 MB.

Unloading 11 unused Assets to reduce memory usage. Loaded Objects now: 2448.
Total: 2.640900 ms (FindLiveObjects: 0.293800 ms CreateObjectMapping: 0.115000 ms MarkObjects: 2.101600 ms  DeleteObjects: 0.129300 ms)

========================================================================
Received Prepare
Registering precompiled user dll's ...
Registered in 0.001806 seconds.
Begin MonoManager ReloadAssembly
Native extension for WindowsStandalone target not found
Refreshing native plugins compatible for Editor in 0.45 ms, found 1 plugins.
Preloading 0 native plugins for Editor in 0.00 ms.
Invoked RoslynAnalysisRunner static constructor.
RoslynAnalysisRunner will not be running.
RoslynAnalysisRunner has terminated.
Mono: successfully reloaded assembly
- Completed reload, in  1.097 seconds
Platform modules already initialized, skipping
Refreshing native plugins compatible for Editor in 0.45 ms, found 1 plugins.
Preloading 0 native plugins for Editor in 0.00 ms.
Unloading 1818 Unused Serialized files (Serialized files now loaded: 0)
System memory in use before: 90.0 MB.
System memory in use after: 90.0 MB.

Unloading 12 unused Assets to reduce memory usage. Loaded Objects now: 2461.
Total: 2.692500 ms (FindLiveObjects: 0.229900 ms CreateObjectMapping: 0.078900 ms MarkObjects: 2.211600 ms  DeleteObjects: 0.170700 ms)

========================================================================
Received Prepare
Registering precompiled user dll's ...
Registered in 0.001592 seconds.
Begin MonoManager ReloadAssembly
Native extension for WindowsStandalone target not found
Refreshing native plugins compatible for Editor in 0.43 ms, found 1 plugins.
Preloading 0 native plugins for Editor in 0.00 ms.
Invoked RoslynAnalysisRunner static constructor.
RoslynAnalysisRunner will not be running.
RoslynAnalysisRunner has terminated.
Mono: successfully reloaded assembly
- Completed reload, in  1.070 seconds
Platform modules already initialized, skipping
Refreshing native plugins compatible for Editor in 0.46 ms, found 1 plugins.
Preloading 0 native plugins for Editor in 0.00 ms.
Unloading 1818 Unused Serialized files (Serialized files now loaded: 0)
System memory in use before: 90.0 MB.
System memory in use after: 90.0 MB.

Unloading 12 unused Assets to reduce memory usage. Loaded Objects now: 2465.
Total: 2.964100 ms (FindLiveObjects: 0.257800 ms CreateObjectMapping: 0.111500 ms MarkObjects: 2.481800 ms  DeleteObjects: 0.111700 ms)

========================================================================
Received Import Request.
  Time since last request: 252.333346 seconds.
  path: Assets/Project/Scenes/Level2.unity
  artifactKey: Guid(ad37da0dc73d7ae43bd66b9cdca3c0b1) Importer(815301076,1909f56bfc062723c751e8b465ee728b)
Start importing Assets/Project/Scenes/Level2.unity using Guid(ad37da0dc73d7ae43bd66b9cdca3c0b1) Importer(815301076,1909f56bfc062723c751e8b465ee728b)  -> (artifact id: 'be10ce3abd188f4361732ffd27331b1c') in 0.025220 seconds
  Import took 0.040220 seconds .

========================================================================
Received Prepare
Registering precompiled user dll's ...
Registered in 0.001824 seconds.
Begin MonoManager ReloadAssembly
Native extension for WindowsStandalone target not found
Refreshing native plugins compatible for Editor in 0.91 ms, found 1 plugins.
Preloading 0 native plugins for Editor in 0.00 ms.
Invoked RoslynAnalysisRunner static constructor.
RoslynAnalysisRunner will not be running.
RoslynAnalysisRunner has terminated.
Mono: successfully reloaded assembly
- Completed reload, in  1.092 seconds
Platform modules already initialized, skipping
Refreshing native plugins compatible for Editor in 0.44 ms, found 1 plugins.
Preloading 0 native plugins for Editor in 0.00 ms.
Unloading 1818 Unused Serialized files (Serialized files now loaded: 0)
System memory in use before: 90.0 MB.
System memory in use after: 90.0 MB.

Unloading 12 unused Assets to reduce memory usage. Loaded Objects now: 2469.
Total: 2.197100 ms (FindLiveObjects: 0.237400 ms CreateObjectMapping: 0.088900 ms MarkObjects: 1.768400 ms  DeleteObjects: 0.101500 ms)

========================================================================
Received Prepare
Registering precompiled user dll's ...
Registered in 0.001853 seconds.
Begin MonoManager ReloadAssembly
Native extension for WindowsStandalone target not found
Refreshing native plugins compatible for Editor in 0.42 ms, found 1 plugins.
Preloading 0 native plugins for Editor in 0.00 ms.
Invoked RoslynAnalysisRunner static constructor.
RoslynAnalysisRunner will not be running.
RoslynAnalysisRunner has terminated.
Mono: successfully reloaded assembly
- Completed reload, in  1.172 seconds
Platform modules already initialized, skipping
Refreshing native plugins compatible for Editor in 0.45 ms, found 1 plugins.
Preloading 0 native plugins for Editor in 0.00 ms.
Unloading 1818 Unused Serialized files (Serialized files now loaded: 0)
System memory in use before: 90.0 MB.
System memory in use after: 90.0 MB.

Unloading 12 unused Assets to reduce memory usage. Loaded Objects now: 2473.
Total: 2.543300 ms (FindLiveObjects: 0.242700 ms CreateObjectMapping: 0.089100 ms MarkObjects: 2.064200 ms  DeleteObjects: 0.145700 ms)

========================================================================
Received Import Request.
  Time since last request: 536.429004 seconds.
  path: Assets/Project/Scenes/Level1.unity
  artifactKey: Guid(2cda990e2423bbf4892e6590ba056729) Importer(815301076,1909f56bfc062723c751e8b465ee728b)
Start importing Assets/Project/Scenes/Level1.unity using Guid(2cda990e2423bbf4892e6590ba056729) Importer(815301076,1909f56bfc062723c751e8b465ee728b)  -> (artifact id: '934d9591e26103f689df3b37beac21b8') in 0.019096 seconds
  Import took 0.024854 seconds .

========================================================================
Received Import Request.
  Time since last request: 217.769264 seconds.
  path: Assets/Project/Scripts/Block.cs
  artifactKey: Guid(8bd90f2bbd87e70459880f287b3d8e92) Importer(815301076,1909f56bfc062723c751e8b465ee728b)
Start importing Assets/Project/Scripts/Block.cs using Guid(8bd90f2bbd87e70459880f287b3d8e92) Importer(815301076,1909f56bfc062723c751e8b465ee728b)  -> (artifact id: 'f0721032388a1d2a80d42da7a4e465ce') in 0.011109 seconds
  Import took 0.016176 seconds .

========================================================================
Received Import Request.
  Time since last request: 102.361703 seconds.
  path: Assets/JMO Assets/Cartoon FX/Demo/Assets/CFX3_T_Ground.png
  artifactKey: Guid(eaf4a9d9f8ba2d847b4febb8ec639803) Importer(815301076,1909f56bfc062723c751e8b465ee728b)
Start importing Assets/JMO Assets/Cartoon FX/Demo/Assets/CFX3_T_Ground.png using Guid(eaf4a9d9f8ba2d847b4febb8ec639803) Importer(815301076,1909f56bfc062723c751e8b465ee728b)  -> (artifact id: '30adb67213b90ec14b235bcbddafe23c') in 0.060905 seconds
  Import took 0.074236 seconds .

========================================================================
Received Import Request.
  Time since last request: 0.000359 seconds.
  path: Assets/JMO Assets/Cartoon FX/Demo/Assets/CFXFree_Demo_Ground.mat
  artifactKey: Guid(7b43a19f99847f94f8e4ab851c1cb07c) Importer(815301076,1909f56bfc062723c751e8b465ee728b)
Start importing Assets/JMO Assets/Cartoon FX/Demo/Assets/CFXFree_Demo_Ground.mat using Guid(7b43a19f99847f94f8e4ab851c1cb07c) Importer(815301076,1909f56bfc062723c751e8b465ee728b)  -> (artifact id: '33d009be5119058638e1b0be5bc7a62e') in 0.384914 seconds
  Import took 0.388657 seconds .

========================================================================
Received Prepare
Registering precompiled user dll's ...
Registered in 0.001637 seconds.
Begin MonoManager ReloadAssembly
Native extension for WindowsStandalone target not found
Refreshing native plugins compatible for Editor in 0.45 ms, found 1 plugins.
Preloading 0 native plugins for Editor in 0.00 ms.
Invoked RoslynAnalysisRunner static constructor.
RoslynAnalysisRunner will not be running.
RoslynAnalysisRunner has terminated.
Mono: successfully reloaded assembly
- Completed reload, in  1.349 seconds
Platform modules already initialized, skipping
Refreshing native plugins compatible for Editor in 0.58 ms, found 1 plugins.
Preloading 0 native plugins for Editor in 0.00 ms.
Unloading 1818 Unused Serialized files (Serialized files now loaded: 0)
System memory in use before: 90.5 MB.
System memory in use after: 90.6 MB.

Unloading 12 unused Assets to reduce memory usage. Loaded Objects now: 2514.
Total: 3.646700 ms (FindLiveObjects: 0.287000 ms CreateObjectMapping: 0.127900 ms MarkObjects: 3.053800 ms  DeleteObjects: 0.175600 ms)

========================================================================
Received Prepare
Registering precompiled user dll's ...
Registered in 0.002596 seconds.
Begin MonoManager ReloadAssembly
Native extension for WindowsStandalone target not found
Refreshing native plugins compatible for Editor in 0.42 ms, found 1 plugins.
Preloading 0 native plugins for Editor in 0.00 ms.
Invoked RoslynAnalysisRunner static constructor.
RoslynAnalysisRunner will not be running.
RoslynAnalysisRunner has terminated.
Mono: successfully reloaded assembly
- Completed reload, in  1.151 seconds
Platform modules already initialized, skipping
Refreshing native plugins compatible for Editor in 0.45 ms, found 1 plugins.
Preloading 0 native plugins for Editor in 0.00 ms.
Unloading 1818 Unused Serialized files (Serialized files now loaded: 0)
System memory in use before: 90.5 MB.
System memory in use after: 90.6 MB.

Unloading 12 unused Assets to reduce memory usage. Loaded Objects now: 2518.
Total: 2.633000 ms (FindLiveObjects: 0.225900 ms CreateObjectMapping: 0.071700 ms MarkObjects: 2.146700 ms  DeleteObjects: 0.187400 ms)

========================================================================
Received Prepare
Registering precompiled user dll's ...
Registered in 0.001679 seconds.
Begin MonoManager ReloadAssembly
Native extension for WindowsStandalone target not found
Refreshing native plugins compatible for Editor in 0.42 ms, found 1 plugins.
Preloading 0 native plugins for Editor in 0.00 ms.
Invoked RoslynAnalysisRunner static constructor.
RoslynAnalysisRunner will not be running.
RoslynAnalysisRunner has terminated.
Mono: successfully reloaded assembly
- Completed reload, in  1.134 seconds
Platform modules already initialized, skipping
Refreshing native plugins compatible for Editor in 0.44 ms, found 1 plugins.
Preloading 0 native plugins for Editor in 0.00 ms.
Unloading 1818 Unused Serialized files (Serialized files now loaded: 0)
System memory in use before: 90.5 MB.
System memory in use after: 90.6 MB.

Unloading 12 unused Assets to reduce memory usage. Loaded Objects now: 2522.
Total: 2.967400 ms (FindLiveObjects: 0.312800 ms CreateObjectMapping: 0.214200 ms MarkObjects: 2.283500 ms  DeleteObjects: 0.155800 ms)

========================================================================
Received Prepare
Registering precompiled user dll's ...
Registered in 0.001527 seconds.
Begin MonoManager ReloadAssembly
Native extension for WindowsStandalone target not found
Refreshing native plugins compatible for Editor in 0.42 ms, found 1 plugins.
Preloading 0 native plugins for Editor in 0.00 ms.
Invoked RoslynAnalysisRunner static constructor.
RoslynAnalysisRunner will not be running.
RoslynAnalysisRunner has terminated.
Mono: successfully reloaded assembly
- Completed reload, in  1.083 seconds
Platform modules already initialized, skipping
Refreshing native plugins compatible for Editor in 0.45 ms, found 1 plugins.
Preloading 0 native plugins for Editor in 0.00 ms.
Unloading 1818 Unused Serialized files (Serialized files now loaded: 0)
System memory in use before: 90.6 MB.
System memory in use after: 90.6 MB.

Unloading 12 unused Assets to reduce memory usage. Loaded Objects now: 2526.
Total: 2.314900 ms (FindLiveObjects: 0.295200 ms CreateObjectMapping: 0.113200 ms MarkObjects: 1.798100 ms  DeleteObjects: 0.107200 ms)

========================================================================
Received Import Request.
  Time since last request: 126.043465 seconds.
  path: Assets/Project/Scripts/LevelManager.cs
  artifactKey: Guid(ed080605b92e9fe449cd33aaf068159c) Importer(815301076,1909f56bfc062723c751e8b465ee728b)
Start importing Assets/Project/Scripts/LevelManager.cs using Guid(ed080605b92e9fe449cd33aaf068159c) Importer(815301076,1909f56bfc062723c751e8b465ee728b)  -> (artifact id: '43eab6731d1fb8f2a9853956d9f829cc') in 0.009494 seconds
  Import took 0.012983 seconds .

========================================================================
Received Prepare
Registering precompiled user dll's ...
Registered in 0.001821 seconds.
Begin MonoManager ReloadAssembly
Native extension for WindowsStandalone target not found
Refreshing native plugins compatible for Editor in 0.43 ms, found 1 plugins.
Preloading 0 native plugins for Editor in 0.00 ms.
Invoked RoslynAnalysisRunner static constructor.
RoslynAnalysisRunner will not be running.
RoslynAnalysisRunner has terminated.
Mono: successfully reloaded assembly
- Completed reload, in  1.183 seconds
Platform modules already initialized, skipping
Refreshing native plugins compatible for Editor in 0.43 ms, found 1 plugins.
Preloading 0 native plugins for Editor in 0.00 ms.
Unloading 1818 Unused Serialized files (Serialized files now loaded: 0)
System memory in use before: 90.6 MB.
System memory in use after: 90.6 MB.

Unloading 12 unused Assets to reduce memory usage. Loaded Objects now: 2530.
Total: 2.848800 ms (FindLiveObjects: 0.257800 ms CreateObjectMapping: 0.087800 ms MarkObjects: 2.384300 ms  DeleteObjects: 0.117700 ms)

========================================================================
Received Import Request.
  Time since last request: 57.453280 seconds.
  path: Assets/Project/Scripts/Racket.cs
  artifactKey: Guid(5ecadc81ef7232c4dbb39963e0e30a63) Importer(815301076,1909f56bfc062723c751e8b465ee728b)
Start importing Assets/Project/Scripts/Racket.cs using Guid(5ecadc81ef7232c4dbb39963e0e30a63) Importer(815301076,1909f56bfc062723c751e8b465ee728b)  -> (artifact id: '30733410f71608058a8f109632494719') in 0.010957 seconds
  Import took 0.014620 seconds .

AssetImportWorkerClient::OnTransportError - code=2 error=End of file
